<?xml version="1.0" encoding="UTF-8"?>
<testng-results skipped="0" failed="0" ignored="0" total="1" passed="1">
  <reporter-output>
  </reporter-output>
  <suite name="Suite" duration-ms="5061" started-at="2019-02-09T07:28:29Z" finished-at="2019-02-09T07:28:34Z">
    <groups>
    </groups>
    <test name="Test" duration-ms="5061" started-at="2019-02-09T07:28:29Z" finished-at="2019-02-09T07:28:34Z">
      <class name="demo.Demo">
        <test-method status="PASS" signature="testCase()[pri:0, instance:demo.Demo@643b1d11]" name="testCase" duration-ms="5017" started-at="2019-02-09T07:28:29Z" finished-at="2019-02-09T07:28:34Z">
          <reporter-output>
          </reporter-output>
        </test-method> <!-- testCase -->
      </class> <!-- demo.Demo -->
    </test> <!-- Test -->
  </suite> <!-- Suite -->
</testng-results>
